<?xml version="1.0" encoding="UTF-8"?>
<!-- Generated by org.testng.reporters.JUnitXMLReporter -->
<testsuite ignored="0" hostname="Ashwanis-MacBook-Pro.local" failures="0" tests="3" name="Default test" time="8.555" errors="0" timestamp="2025-03-24T15:02:44 IST">
  <testcase classname="TestNG.Practice1" name="openapp" time="7.889"/>
  <testcase classname="TestNG.Practice1" name="login" time="0.477"/>
  <testcase classname="TestNG.Practice1" name="close" time="0.137"/>
</testsuite> <!-- Default test -->
