<?xml version="1.0" encoding="UTF-8"?>
<testng-results ignored="0" total="3" passed="3" failed="0" skipped="0">
  <reporter-output>
  </reporter-output>
  <suite started-at="2025-03-24T15:34:11 IST" name="Suite" finished-at="2025-03-24T15:34:18 IST" duration-ms="6408">
    <groups>
    </groups>
    <test started-at="2025-03-24T15:34:11 IST" name="Test" finished-at="2025-03-24T15:34:18 IST" duration-ms="6408">
      <class name="TestNG.Practice1">
        <test-method signature="openapp()[pri:1, instance:TestNG.Practice1@8f4ea7c]" started-at="2025-03-24T15:34:11 IST" name="openapp" finished-at="2025-03-24T15:34:17 IST" duration-ms="6015" status="PASS">
          <reporter-output>
          </reporter-output>
        </test-method> <!-- openapp -->
        <test-method signature="login()[pri:2, instance:TestNG.Practice1@8f4ea7c]" started-at="2025-03-24T15:34:17 IST" name="login" finished-at="2025-03-24T15:34:18 IST" duration-ms="243" status="PASS">
          <reporter-output>
          </reporter-output>
        </test-method> <!-- login -->
        <test-method signature="close()[pri:3, instance:TestNG.Practice1@8f4ea7c]" started-at="2025-03-24T15:34:18 IST" name="close" finished-at="2025-03-24T15:34:18 IST" duration-ms="91" status="PASS">
          <reporter-output>
          </reporter-output>
        </test-method> <!-- close -->
      </class> <!-- TestNG.Practice1 -->
    </test> <!-- Test -->
  </suite> <!-- Suite -->
</testng-results>
